<?xml version="1.0" encoding="utf-8"?><testsuites name="pytest tests"><testsuite name="pytest" errors="0" failures="0" skipped="0" tests="11" time="4.872" timestamp="2026-09-24T13:27:28.312556+00:00" hostname="agent-env-c2fc7da6-f79b-4203-9ede-3b1ae570eff6"><testcase classname="tests.test_citypulse_api" name="test_health_public" time="0.290" /><testcase classname="tests.test_citypulse_api" name="test_anonymous_denied_on_protected_endpoint" time="0.078" /><testcase classname="tests.test_citypulse_api" name="test_demo_login_and_me_does_not_leak_sensitive_fields" time="0.312" /><testcase classname="tests.test_citypulse_api" name="test_register_duplicate_and_password_policy" time="1.302" /><testcase classname="tests.test_citypulse_api" name="test_registration_off_blocks_new_resident" time="0.203" /><testcase classname="tests.test_citypulse_api" name="test_resident_cannot_run_admin_action" time="0.153" /><testcase classname="tests.test_citypulse_api" name="test_admin_role_can_manage_cases_but_not_initial_admin_settings" time="0.405" /><testcase classname="tests.test_citypulse_api" name="test_demoted_admin_token_loses_rights_immediately" time="0.390" /><testcase classname="tests.test_citypulse_api" name="test_cross_tenant_case_comment_file_admin_access_returns_404" time="0.998" /><testcase classname="tests.test_citypulse_api" name="test_extra_field_injection_rejected" time="0.070" /><testcase classname="tests.test_citypulse_api" name="test_merge_self_disallowed" time="0.148" /></testsuite></testsuites>